============================================================
  Generated by:           Genus(TM) Synthesis Solution 19.10-p002_1
  Generated on:           Mar 15 2025  04:47:47 am
  Module:                 traffic_light_controller
  Technology library:     NangateOpenCellLibrary revision 1.0
  Operating conditions:   typical 
  Interconnect mode:      global
  Area mode:              physical library
============================================================

                                Leakage  
   Gate    Instances   Area   Power (nW)          Library          
-------------------------------------------------------------------
AND2_X1            6    6.384    160.666    NangateOpenCellLibrary 
AND3_X1            1    1.330     34.481    NangateOpenCellLibrary 
AOI211_X1          1    1.330     24.897    NangateOpenCellLibrary 
AOI21_X1           3    3.192     58.078    NangateOpenCellLibrary 
AOI22_X1           2    2.660     36.122    NangateOpenCellLibrary 
DFF_X1             4   18.088    309.664    NangateOpenCellLibrary 
HA_X1              4   10.640    214.857    NangateOpenCellLibrary 
INV_X1            17    9.044    262.872    NangateOpenCellLibrary 
NAND2_X1           9    7.182    178.362    NangateOpenCellLibrary 
NAND3_X1           2    2.128     40.925    NangateOpenCellLibrary 
NAND4_X1           1    1.330     21.218    NangateOpenCellLibrary 
NOR2_X1            6    4.788    120.826    NangateOpenCellLibrary 
NOR3_X1            1    1.064     35.498    NangateOpenCellLibrary 
OAI211_X1          1    1.330     55.184    NangateOpenCellLibrary 
OAI21_X1           4    4.256    112.786    NangateOpenCellLibrary 
OAI22_X1           2    2.660     84.724    NangateOpenCellLibrary 
OR2_X1             2    2.128     41.661    NangateOpenCellLibrary 
OR4_X1             1    1.596     27.646    NangateOpenCellLibrary 
SDFFS_X1           2   13.300    212.845    NangateOpenCellLibrary 
XNOR2_X1           2    3.192     66.809    NangateOpenCellLibrary 
XOR2_X1            2    3.192     70.190    NangateOpenCellLibrary 
-------------------------------------------------------------------
total             73  100.814   2170.312                           


                                          Leakage  Leakage 
     Type      Instances   Area  Area % Power (nW) Power % 
-----------------------------------------------------------
sequential             6  31.388   31.1    522.509    24.1 
inverter              17   9.044    9.0    262.872    12.1 
logic                 50  60.382   59.9   1384.931    63.8 
physical_cells         0   0.000    0.0      0.000     0.0 
-----------------------------------------------------------
total                 73 100.814  100.0   2170.312   100.0 

