

Working Directory = /home/centos/Desktop/ddn/ext_NGUYEN_Thanh_Dat/RTL_training/Week_2/traffic_light_controller/syn/work
QoS Summary for traffic_light_controller
==========================================================================================
Metric                          generic         map             syn_opt         final          
==========================================================================================
Slack (ps):                     9,547           9,507           9,514           9,514
  R2R (ps):                     9,547           9,507           9,514           9,514
  I2R (ps):                  no_value        no_value        no_value        no_value
  R2O (ps):                  no_value        no_value        no_value        no_value
  I2O (ps):                  no_value        no_value        no_value        no_value
  CG  (ps):                  no_value        no_value        no_value        no_value
TNS (ps):                           0               0               0               0
  R2R (ps):                         0               0               0               0
  I2R (ps):                  no_value        no_value        no_value        no_value
  R2O (ps):                  no_value        no_value        no_value        no_value
  I2O (ps):                  no_value        no_value        no_value        no_value
  CG  (ps):                  no_value        no_value        no_value        no_value
Failing Paths:                      0               0               0               0
Cell Area:                        213             101             101             101
Total Cell Area:                  213             101             101             101
Leaf Instances:                   115              74              73              73
Total Instances:                  115              74              73              73
Utilization (%):                 0.00            0.00            0.00            0.00
Tot. Net Length (um):        no_value        no_value        no_value        no_value
Avg. Net Length (um):        no_value        no_value        no_value        no_value
Route Overflow H (%):        no_value        no_value        no_value        no_value
Route Overflow V (%):        no_value        no_value        no_value        no_value
MBCI(%) (bits/gate) :            0.00            0.00            0.00            0.00
Norm Cong Hotspot Area:
  Max Cong:                  no_value        no_value        no_value        no_value
  Tot Cong:                  no_value        no_value        no_value        no_value
==========================================================================================
CPU  Runtime (h:m:s):        00:00:04        00:00:01        00:00:01        00:00:00
Real Runtime (h:m:s):        00:00:05        00:00:03        00:00:00        00:00:01
CPU  Elapsed (h:m:s):        00:00:07        00:00:08        00:00:09        00:00:09
Real Elapsed (h:m:s):        00:00:06        00:00:09        00:00:09        00:00:10
Memory (MB):                   899.81          937.29          898.27          898.27
==========================================================================================
==========================================================================================
Flow Settings:
==========================================================================================
Total Runtime (h:m:s): 00:00:09
Total Memory (MB):     898.27
Executable Version:    19.10-p002_1
==========================================================================================
Total Cell Area =  Cell Area + Physical Cell Area
Total Instances =  Leaf Instances + Physical Instances


