============================================================
  Generated by:           Genus(TM) Synthesis Solution 19.10-p002_1
  Generated on:           Mar 15 2025  04:47:47 am
  Module:                 traffic_light_controller
  Technology library:     NangateOpenCellLibrary revision 1.0
  Operating conditions:   typical 
  Interconnect mode:      global
  Area mode:              physical library
============================================================

Timing
--------

Clock  Period 
--------------
clk   10000.0 


  Cost    Critical         Violating 
 Group   Path Slack  TNS     Paths   
-------------------------------------
clk          9514.1   0.0          0 
default    No paths   0.0            
-------------------------------------
Total                 0.0          0 

Instance Count
--------------
Leaf Instance Count             73 
Physical Instance count          0 
Sequential Instance Count        6 
Combinational Instance Count    67 
Hierarchical Instance Count      0 

Area
----
Cell Area                          100.814
Physical Cell Area                 0.000
Total Cell Area (Cell+Physical)    100.814
Net Area                           97.911
Total Area (Cell+Physical+Net)     198.725

Runtime                            0.0 seconds
Elapsed Runtime                    15 seconds
Genus peak memory usage            898.27 
Innovus peak memory usage          no_value 
Hostname                           centos7.linuxvmimages.local
