============================================================
  Generated by:           Genus(TM) Synthesis Solution 19.10-p002_1
  Generated on:           Mar 15 2025  04:47:43 am
  Module:                 traffic_light_controller
  Technology library:     NangateOpenCellLibrary revision 1.0
  Operating conditions:   typical 
  Interconnect mode:      global
  Area mode:              physical library
============================================================

Timing
--------

Clock  Period 
--------------
clk   10000.0 


  Cost    Critical         Violating 
 Group   Path Slack  TNS     Paths   
-------------------------------------
clk          9546.7   0.0          0 
default    No paths   0.0            
-------------------------------------
Total                 0.0          0 

Instance Count
--------------
Leaf Instance Count             115 
Physical Instance count           0 
Sequential Instance Count         6 
Combinational Instance Count    109 
Hierarchical Instance Count       0 

Area
----
Cell Area                          204.842
Physical Cell Area                 0.000
Total Cell Area (Cell+Physical)    204.842
Net Area                           8.493
Total Area (Cell+Physical+Net)     213.335

Runtime                            0.0 seconds
Elapsed Runtime                    11 seconds
Genus peak memory usage            899.81 
Innovus peak memory usage          no_value 
Hostname                           centos7.linuxvmimages.local
