============================================================
  Generated by:           Genus(TM) Synthesis Solution 19.10-p002_1
  Generated on:           Mar 15 2025  04:47:46 am
  Module:                 traffic_light_controller
  Technology library:     NangateOpenCellLibrary revision 1.0
  Operating conditions:   typical 
  Interconnect mode:      global
  Area mode:              physical library
============================================================

Timing
--------

Clock  Period 
--------------
clk   10000.0 


  Cost    Critical         Violating 
 Group   Path Slack  TNS     Paths   
-------------------------------------
clk          9507.0   0.0          0 
default    No paths   0.0            
-------------------------------------
Total                 0.0          0 

Instance Count
--------------
Leaf Instance Count             74 
Physical Instance count          0 
Sequential Instance Count        6 
Combinational Instance Count    68 
Hierarchical Instance Count      0 

Area
----
Cell Area                          101.346
Physical Cell Area                 0.000
Total Cell Area (Cell+Physical)    101.346
Net Area                           98.306
Total Area (Cell+Physical+Net)     199.652

Runtime                            0.0 seconds
Elapsed Runtime                    14 seconds
Genus peak memory usage            945.29 
Innovus peak memory usage          no_value 
Hostname                           centos7.linuxvmimages.local
